<?xml version="1.0" encoding="UTF-8"?>
<!-- Generated by org.testng.reporters.JUnitReportReporter -->
<testsuite hostname="DESKTOP-FNF69NB" name="runner.RunCuke" tests="2" failures="0" timestamp="4 Jul 2016 14:48:47 GMT" time="0.300" errors="0">
  <testcase name="feature" time="0.289" classname="runner.RunCuke"/>
  <testcase name="feature" time="0.011" classname="runner.RunCuke"/>
</testsuite> <!-- runner.RunCuke -->
